This is LuaHBTeX, Version 1.17.0 (TeX Live 2023/Arch Linux)  (format=lualatex 2023.9.7)  11 DEC 2023 21:45
 system commands enabled.
 file:line:error style messages enabled.
**answerss.tex
(./answerss.tex
LaTeX2e <2022-11-01> patch level 1
Lua module: luaotfload 2022-10-03 3.23 Lua based OpenType font support
Lua module: lualibs 2022-10-04 2.75 ConTeXt Lua standard libraries.
Lua module: lualibs-extended 2022-10-04 2.75 ConTeXt Lua libraries -- extended collection.
luaotfload | conf : Root cache directory is "/home/juan/.cache/texlive/texmf-var/luatex-cache/generic/names".
luaotfload | init : Loading fontloader "fontloader-2022-10-03.lua" from kpse-resolved path "/usr/share/texmf-dist/tex/luatex/luaotfload/fontloader-2022-10-03.lua".
Lua-only attribute luaotfload@noligature = 1
luaotfload | init : Context OpenType loader version 3.120
Inserting `luaotfload.node_processor' in `pre_linebreak_filter'.
Inserting `luaotfload.node_processor' in `hpack_filter'.
Inserting `luaotfload.glyph_stream' in `glyph_stream_provider'.
Inserting `luaotfload.define_font' in `define_font'.
Lua-only attribute luaotfload_color_attribute = 2
luaotfload | conf : Root cache directory is "/home/juan/.cache/texlive/texmf-var/luatex-cache/generic/names".
Inserting `luaotfload.harf.strip_prefix' in `find_opentype_file'.
Inserting `luaotfload.harf.strip_prefix' in `find_truetype_file'.
Removing  `luaotfload.glyph_stream' from `glyph_stream_provider'.
Inserting `luaotfload.harf.glyphstream' in `glyph_stream_provider'.
Inserting `luaotfload.harf.finalize_vlist' in `post_linebreak_filter'.
Inserting `luaotfload.harf.finalize_hlist' in `hpack_filter'.
Inserting `luaotfload.cleanup_files' in `wrapup_run'.
Inserting `luaotfload.harf.finalize_unicode' in `finish_pdffile'.
Inserting `luaotfload.glyphinfo' in `glyph_info'.
Lua-only attribute luaotfload.letterspace_done = 3
Inserting `luaotfload.aux.set_sscale_dimens' in `luaotfload.patch_font'.
Inserting `luaotfload.aux.set_font_index' in `luaotfload.patch_font'.
Inserting `luaotfload.aux.patch_cambria_domh' in `luaotfload.patch_font'.
Inserting `luaotfload.aux.fixup_fontdata' in `luaotfload.patch_font_unsafe'.
Inserting `luaotfload.aux.set_capheight' in `luaotfload.patch_font'.
Inserting `luaotfload.aux.set_xheight' in `luaotfload.patch_font'.
Inserting `luaotfload.rewrite_fontname' in `luaotfload.patch_font'. L3 programming layer <2023-02-22>
Inserting `tracingstacklevels' in `input_level_string'. (/usr/share/texmf-dist/tex/latex/base/article.cls
Document Class: article 2022/07/02 v1.4n Standard LaTeX document class
(/usr/share/texmf-dist/tex/latex/base/size10.clo
File: size10.clo 2022/07/02 v1.4n Standard LaTeX file (size option)
luaotfload | db : Font names database loaded from /home/juan/.cache/texlive/texmf-var/luatex-cache/generic/names/luaotfload-names.luc.gz)
\c@part=\count183
\c@section=\count184
\c@subsection=\count185
\c@subsubsection=\count186
\c@paragraph=\count187
\c@subparagraph=\count188
\c@figure=\count189
\c@table=\count190
\abovecaptionskip=\skip48
\belowcaptionskip=\skip49
\bibindent=\dimen139
) (/usr/share/texmf-dist/tex/latex/base/fontenc.sty
Package: fontenc 2021/04/29 v2.0v Standard LaTeX package
LaTeX Font Info:    Trying to load font information for T1+lmr on input line 112.
 (/usr/share/texmf-dist/tex/latex/lm/t1lmr.fd
File: t1lmr.fd 2015/05/01 v1.6.1 Font defs for Latin Modern
)) (/usr/share/texmf-dist/tex/latex/amsmath/amsmath.sty
Package: amsmath 2022/04/08 v2.17n AMS math features
\@mathmargin=\skip50

For additional information on amsmath, use the `?' option.
(/usr/share/texmf-dist/tex/latex/amsmath/amstext.sty
Package: amstext 2021/08/26 v2.01 AMS text
 (/usr/share/texmf-dist/tex/latex/amsmath/amsgen.sty
File: amsgen.sty 1999/11/30 v2.0 generic functions
\@emptytoks=\toks16
\ex@=\dimen140
)) (/usr/share/texmf-dist/tex/latex/amsmath/amsbsy.sty
Package: amsbsy 1999/11/29 v1.2d Bold Symbols
\pmbraise@=\dimen141
) (/usr/share/texmf-dist/tex/latex/amsmath/amsopn.sty
Package: amsopn 2022/04/08 v2.04 operator names
)
\inf@bad=\count191
LaTeX Info: Redefining \frac on input line 236.
\uproot@=\count192
\leftroot@=\count193
LaTeX Info: Redefining \overline on input line 399.
LaTeX Info: Redefining \colon on input line 410.
\classnum@=\count194
\DOTSCASE@=\count195
LaTeX Info: Redefining \ldots on input line 496.
LaTeX Info: Redefining \dots on input line 499.
LaTeX Info: Redefining \cdots on input line 620.
\Mathstrutbox@=\box51
\strutbox@=\box52
LaTeX Info: Redefining \big on input line 722.
LaTeX Info: Redefining \Big on input line 723.
LaTeX Info: Redefining \bigg on input line 724.
LaTeX Info: Redefining \Bigg on input line 725.
\big@size=\dimen142
LaTeX Font Info:    Redeclaring font encoding OML on input line 743.
LaTeX Font Info:    Redeclaring font encoding OMS on input line 744.
\macc@depth=\count196
LaTeX Info: Redefining \bmod on input line 905.
LaTeX Info: Redefining \pmod on input line 910.
LaTeX Info: Redefining \smash on input line 940.
LaTeX Info: Redefining \relbar on input line 970.
LaTeX Info: Redefining \Relbar on input line 971.
\c@MaxMatrixCols=\count197
\dotsspace@=\muskip16
\c@parentequation=\count198
\dspbrk@lvl=\count199
\tag@help=\toks17
\row@=\count266
\column@=\count267
\maxfields@=\count268
\andhelp@=\toks18
\eqnshift@=\dimen143
\alignsep@=\dimen144
\tagshift@=\dimen145
\tagwidth@=\dimen146
\totwidth@=\dimen147
\lineht@=\dimen148
\@envbody=\toks19
\multlinegap=\skip51
\multlinetaggap=\skip52
\mathdisplay@stack=\toks20
LaTeX Info: Redefining \[ on input line 2953.
LaTeX Info: Redefining \] on input line 2954.
) (/usr/share/texmf-dist/tex/latex/float/float.sty
Package: float 2001/11/08 v1.3d Float enhancements (AL)
\c@float@type=\count269
\float@exts=\toks21
\float@box=\box53
\@float@everytoks=\toks22
\@floatcapt=\box54
) (/usr/share/texmf-dist/tex/latex/tools/longtable.sty
Package: longtable 2021-09-01 v4.17 Multi-page Table package (DPC)
\LTleft=\skip53
\LTright=\skip54
\LTpre=\skip55
\LTpost=\skip56
\LTchunksize=\count270
\LTcapwidth=\dimen149
\LT@head=\box55
\LT@firsthead=\box56
\LT@foot=\box57
\LT@lastfoot=\box58
\LT@gbox=\box59
\LT@cols=\count271
\LT@rows=\count272
\c@LT@tables=\count273
\c@LT@chunks=\count274
\LT@p@ftn=\toks23
) (/usr/share/texmf-dist/tex/latex/xcolor/xcolor.sty
Package: xcolor 2022/06/12 v2.14 LaTeX color extensions (UK)
 (/usr/share/texmf-dist/tex/latex/graphics-cfg/color.cfg
File: color.cfg 2016/01/02 v1.6 sample color configuration
)
Package xcolor Info: Driver file: luatex.def on input line 227.
 (/usr/share/texmf-dist/tex/latex/graphics-def/luatex.def
File: luatex.def 2022/09/22 v1.2d Graphics/color driver for luatex
) (/usr/share/texmf-dist/tex/latex/graphics/mathcolor.ltx)
Package xcolor Info: Model `cmy' substituted by `cmy0' on input line 1353.
Package xcolor Info: Model `hsb' substituted by `rgb' on input line 1357.
Package xcolor Info: Model `RGB' extended on input line 1369.
Package xcolor Info: Model `HTML' substituted by `rgb' on input line 1371.
Package xcolor Info: Model `Hsb' substituted by `hsb' on input line 1372.
Package xcolor Info: Model `tHsb' substituted by `hsb' on input line 1373.
Package xcolor Info: Model `HSB' substituted by `hsb' on input line 1374.
Package xcolor Info: Model `Gray' substituted by `gray' on input line 1375.
Package xcolor Info: Model `wave' substituted by `hsb' on input line 1376.
) (/usr/share/texmf-dist/tex/latex/listings/listings.sty (/usr/share/texmf-dist/tex/latex/graphics/keyval.sty
Package: keyval 2022/05/29 v1.15 key=value parser (DPC)
\KV@toks@=\toks24
)
\lst@mode=\count275
\lst@gtempboxa=\box60
\lst@token=\toks25
\lst@length=\count276
\lst@currlwidth=\dimen150
\lst@column=\count277
\lst@pos=\count278
\lst@lostspace=\dimen151
\lst@width=\dimen152
\lst@newlines=\count279
\lst@lineno=\count280
\lst@maxwidth=\dimen153
 (/usr/share/texmf-dist/tex/latex/listings/lstmisc.sty
File: lstmisc.sty 2023/02/27 1.9 (Carsten Heinz)
\c@lstnumber=\count281
\lst@skipnumbers=\count282
\lst@framebox=\box61
) (/usr/share/texmf-dist/tex/latex/listings/listings.cfg
File: listings.cfg 2023/02/27 1.9 listings configuration
))
Package: listings 2023/02/27 1.9 (Carsten Heinz)
 (/usr/share/texmf-dist/tex/latex/graphics/graphicx.sty
Package: graphicx 2021/09/16 v1.2d Enhanced LaTeX Graphics (DPC,SPQR)
 (/usr/share/texmf-dist/tex/latex/graphics/graphics.sty
Package: graphics 2022/03/10 v1.4e Standard LaTeX Graphics (DPC,SPQR)
 (/usr/share/texmf-dist/tex/latex/graphics/trig.sty
Package: trig 2021/08/11 v1.11 sin cos tan (DPC)
) (/usr/share/texmf-dist/tex/latex/graphics-cfg/graphics.cfg
File: graphics.cfg 2016/06/04 v1.11 sample graphics configuration
)
Package graphics Info: Driver file: luatex.def on input line 107.
)
\Gin@req@height=\dimen154
\Gin@req@width=\dimen155
) (/usr/share/texmf-dist/tex/latex/hyperref/hyperref.sty
Package: hyperref 2023-02-07 v7.00v Hypertext links for LaTeX
 (/usr/share/texmf-dist/tex/generic/ltxcmds/ltxcmds.sty
Package: ltxcmds 2020-05-10 v1.25 LaTeX kernel commands for general use (HO)
) (/usr/share/texmf-dist/tex/generic/iftex/iftex.sty
Package: iftex 2022/02/03 v1.0f TeX engine tests
) (/usr/share/texmf-dist/tex/generic/pdftexcmds/pdftexcmds.sty
Package: pdftexcmds 2020-06-27 v0.33 Utility functions of pdfTeX for LuaTeX (HO)
 (/usr/share/texmf-dist/tex/generic/infwarerr/infwarerr.sty
Package: infwarerr 2019/12/03 v1.5 Providing info/warning/error messages (HO)
)
Package pdftexcmds Info: \pdf@primitive is available.
Package pdftexcmds Info: \pdf@ifprimitive is available.
Package pdftexcmds Info: \pdfdraftmode found.
\pdftexcmds@toks=\toks26
) (/usr/share/texmf-dist/tex/latex/kvsetkeys/kvsetkeys.sty
Package: kvsetkeys 2022-10-05 v1.19 Key value parser (HO)
) (/usr/share/texmf-dist/tex/generic/kvdefinekeys/kvdefinekeys.sty
Package: kvdefinekeys 2019-12-19 v1.6 Define keys (HO)
) (/usr/share/texmf-dist/tex/generic/pdfescape/pdfescape.sty
Package: pdfescape 2019/12/09 v1.15 Implements pdfTeX's escape features (HO)
) (/usr/share/texmf-dist/tex/latex/hycolor/hycolor.sty
Package: hycolor 2020-01-27 v1.10 Color options for hyperref/bookmark (HO)
) (/usr/share/texmf-dist/tex/latex/letltxmacro/letltxmacro.sty
Package: letltxmacro 2019/12/03 v1.6 Let assignment for LaTeX macros (HO)
) (/usr/share/texmf-dist/tex/latex/auxhook/auxhook.sty
Package: auxhook 2019-12-17 v1.6 Hooks for auxiliary files (HO)
) (/usr/share/texmf-dist/tex/latex/hyperref/nameref.sty
Package: nameref 2022-05-17 v2.50 Cross-referencing by name of section
 (/usr/share/texmf-dist/tex/latex/refcount/refcount.sty
Package: refcount 2019/12/15 v3.6 Data extraction from label references (HO)
) (/usr/share/texmf-dist/tex/generic/gettitlestring/gettitlestring.sty
Package: gettitlestring 2019/12/15 v1.6 Cleanup title references (HO)
 (/usr/share/texmf-dist/tex/latex/kvoptions/kvoptions.sty
Package: kvoptions 2022-06-15 v3.15 Key value format for package options (HO)
))
\c@section@level=\count283
)
\@linkdim=\dimen156
\Hy@linkcounter=\count284
\Hy@pagecounter=\count285
 (/usr/share/texmf-dist/tex/latex/hyperref/pd1enc.def
File: pd1enc.def 2023-02-07 v7.00v Hyperref: PDFDocEncoding definition (HO)
) (/usr/share/texmf-dist/tex/generic/intcalc/intcalc.sty
Package: intcalc 2019/12/15 v1.3 Expandable calculations with integers (HO)
)
(/usr/share/texmf-dist/tex/generic/etexcmds/etexcmds.sty
Package: etexcmds 2019/12/15 v1.7 Avoid name clashes with e-TeX commands (HO)
)
\Hy@SavedSpaceFactor=\count286
 (/usr/share/texmf-dist/tex/latex/hyperref/puenc.def
File: puenc.def 2023-02-07 v7.00v Hyperref: PDF Unicode definition (HO)
)
Package hyperref Info: Hyper figures OFF on input line 4177.
Package hyperref Info: Link nesting OFF on input line 4182.
Package hyperref Info: Hyper index ON on input line 4185.
Package hyperref Info: Plain pages OFF on input line 4192.
Package hyperref Info: Backreferencing OFF on input line 4197.
Package hyperref Info: Implicit mode ON; LaTeX internals redefined.
Package hyperref Info: Bookmarks ON on input line 4425.
\c@Hy@tempcnt=\count287
 (/usr/share/texmf-dist/tex/latex/url/url.sty
\Urlmuskip=\muskip17
Package: url 2013/09/16  ver 3.4  Verb mode for urls, etc.
)
LaTeX Info: Redefining \url on input line 4763.
\XeTeXLinkMargin=\dimen157
 (/usr/share/texmf-dist/tex/generic/bitset/bitset.sty
Package: bitset 2019/12/09 v1.3 Handle bit-vector datatype (HO)
 (/usr/share/texmf-dist/tex/generic/bigintcalc/bigintcalc.sty
Package: bigintcalc 2019/12/15 v1.5 Expandable calculations on big integers (HO)
))
\Fld@menulength=\count288
\Field@Width=\dimen158
\Fld@charsize=\dimen159
Package hyperref Info: Hyper figures OFF on input line 6042.
Package hyperref Info: Link nesting OFF on input line 6047.
Package hyperref Info: Hyper index ON on input line 6050.
Package hyperref Info: backreferencing OFF on input line 6057.
Package hyperref Info: Link coloring OFF on input line 6062.
Package hyperref Info: Link coloring with OCG OFF on input line 6067.
Package hyperref Info: PDF/A mode OFF on input line 6072.
 (/usr/share/texmf-dist/tex/latex/base/atbegshi-ltx.sty
Package: atbegshi-ltx 2021/01/10 v1.0c Emulation of the original atbegshi
package with kernel methods
)
\Hy@abspage=\count289
\c@Item=\count290
\c@Hfootnote=\count291
)
Package hyperref Info: Driver (autodetected): hluatex.
 (/usr/share/texmf-dist/tex/latex/hyperref/hluatex.def
File: hluatex.def 2023-02-07 v7.00v Hyperref driver for luaTeX
 (/usr/share/texmf-dist/tex/generic/stringenc/stringenc.sty
Package: stringenc 2019/11/29 v1.12 Convert strings between diff. encodings (HO)
) (/usr/share/texmf-dist/tex/latex/base/atveryend-ltx.sty
Package: atveryend-ltx 2020/08/19 v1.0a Emulation of the original atveryend package
with kernel methods
)
\Fld@listcount=\count292
\c@bookmark@seq@number=\count293
 (/usr/share/texmf-dist/tex/latex/rerunfilecheck/rerunfilecheck.sty
Package: rerunfilecheck 2022-07-10 v1.10 Rerun checks for auxiliary files (HO)
 (/usr/share/texmf-dist/tex/generic/uniquecounter/uniquecounter.sty
Package: uniquecounter 2019/12/15 v1.4 Provide unlimited unique counter (HO)
)
Package uniquecounter Info: New unique counter `rerunfilecheck' on input line 285.
)
\Hy@SectionHShift=\skip57
) (/usr/share/texmf-dist/tex/latex/geometry/geometry.sty
Package: geometry 2020/01/02 v5.9 Page Geometry
 (/usr/share/texmf-dist/tex/generic/iftex/ifvtex.sty
Package: ifvtex 2019/10/25 v1.7 ifvtex legacy package. Use iftex instead.
)
\Gm@cnth=\count294
\Gm@cntv=\count295
\c@Gm@tempcnt=\count296
\Gm@bindingoffset=\dimen160
\Gm@wd@mp=\dimen161
\Gm@odd@mp=\dimen162
\Gm@even@mp=\dimen163
\Gm@layoutwidth=\dimen164
\Gm@layoutheight=\dimen165
\Gm@layouthoffset=\dimen166
\Gm@layoutvoffset=\dimen167
\Gm@dimlist=\toks27
) (/usr/share/texmf-dist/tex/latex/l3backend/l3backend-luatex.def
File: l3backend-luatex.def 2023-01-16 L3 backend support: PDF output (LuaTeX)
\l__color_backend_stack_int=\count297
\l__pdf_internal_box=\box62
) (./answerss.aux)
\openout1 = answerss.aux

LaTeX Font Info:    Checking defaults for OML/cmm/m/it on input line 68.
LaTeX Font Info:    ... okay on input line 68.
LaTeX Font Info:    Checking defaults for OMS/cmsy/m/n on input line 68.
LaTeX Font Info:    ... okay on input line 68.
LaTeX Font Info:    Checking defaults for OT1/cmr/m/n on input line 68.
LaTeX Font Info:    ... okay on input line 68.
LaTeX Font Info:    Checking defaults for T1/cmr/m/n on input line 68.
LaTeX Font Info:    ... okay on input line 68.
LaTeX Font Info:    Checking defaults for TS1/cmr/m/n on input line 68.
LaTeX Font Info:    Trying to load font information for TS1+cmr on input line 68.
 (/usr/share/texmf-dist/tex/latex/base/ts1cmr.fd
File: ts1cmr.fd 2022/07/10 v2.5l Standard LaTeX font definitions
)
LaTeX Font Info:    ... okay on input line 68.
LaTeX Font Info:    Checking defaults for TU/lmr/m/n on input line 68.
LaTeX Font Info:    ... okay on input line 68.
LaTeX Font Info:    Checking defaults for OMX/cmex/m/n on input line 68.
LaTeX Font Info:    ... okay on input line 68.
LaTeX Font Info:    Checking defaults for U/cmr/m/n on input line 68.
LaTeX Font Info:    ... okay on input line 68.
LaTeX Font Info:    Checking defaults for PD1/pdf/m/n on input line 68.
LaTeX Font Info:    ... okay on input line 68.
LaTeX Font Info:    Checking defaults for PU/pdf/m/n on input line 68.
LaTeX Font Info:    ... okay on input line 68.
 (/usr/share/texmf-dist/tex/context/base/mkii/supp-pdf.mkii
[Loading MPS to PDF converter (version 2006.09.02).]
\scratchcounter=\count298
\scratchdimen=\dimen168
\scratchbox=\box63
\nofMPsegments=\count299
\nofMParguments=\count300
\everyMPshowfont=\toks28
\MPscratchCnt=\count301
\MPscratchDim=\dimen169
\MPnumerator=\count302
\makeMPintoPDFobject=\count303
\everyMPtoPDFconversion=\toks29
) (/usr/share/texmf-dist/tex/latex/epstopdf-pkg/epstopdf-base.sty
Package: epstopdf-base 2020-01-24 v2.11 Base part for package epstopdf
Package epstopdf-base Info: Redefining graphics rule for `.eps' on input line 485.
 (/usr/share/texmf-dist/tex/latex/latexconfig/epstopdf-sys.cfg
File: epstopdf-sys.cfg 2010/07/13 v1.3 Configuration of (r)epstopdf for TeX Live
))
\c@lstlisting=\count304
Package hyperref Info: Link coloring OFF on input line 68.
 (./answerss.out) (./answerss.out)
\@outlinefile=\write3

\openout3 = answerss.out

*geometry* driver: auto-detecting
*geometry* detected driver: luatex
*geometry* verbose mode - [ preamble ] result:
* driver: luatex
* paper: a4paper
* layout: <same size as paper>
* layoutoffset:(h,v)=(0.0pt,0.0pt)
* modes: 
* h-part:(L,W,R)=(42.67912pt, 465.20166pt, 89.62709pt)
* v-part:(T,H,B)=(101.40665pt, 591.5302pt, 152.11pt)
* \paperwidth=597.50787pt
* \paperheight=845.04684pt
* \textwidth=465.20166pt
* \textheight=591.5302pt
* \oddsidemargin=-29.59087pt
* \evensidemargin=-29.59087pt
* \topmargin=-7.86334pt
* \headheight=12.0pt
* \headsep=25.0pt
* \topskip=10.0pt
* \footskip=30.0pt
* \marginparwidth=65.0pt
* \marginparsep=11.0pt
* \columnsep=10.0pt
* \skip\footins=9.0pt plus 4.0pt minus 2.0pt
* \hoffset=0.0pt
* \voffset=0.0pt
* \mag=1000
* \@twocolumnfalse
* \@twosidefalse
* \@mparswitchfalse
* \@reversemarginfalse
* (1in=72.27pt=25.4mm, 1cm=28.453pt)

[1

{/var/lib/texmf/fonts/map/pdftex/updmap/pdftex.map}]
Underfull \hbox (badness 6876) in paragraph at lines 167--169
[]|\T1/lmr/m/n/10 Echo (ping) re-quest
 []


Underfull \hbox (badness 5077) in paragraph at lines 167--169
\T1/lmr/m/n/10 id=0x04d2, seq=0/0,
 []


Underfull \hbox (badness 10000) in paragraph at lines 169--171
[]|\T1/lmr/m/n/10 Echo (ping) re-ply
 []


Underfull \hbox (badness 5077) in paragraph at lines 169--171
\T1/lmr/m/n/10 id=0x04d2, seq=0/0,
 []


Underfull \hbox (badness 6876) in paragraph at lines 171--173
[]|\T1/lmr/m/n/10 Echo (ping) re-quest
 []


Underfull \hbox (badness 5077) in paragraph at lines 171--173
\T1/lmr/m/n/10 id=0x04d2, seq=0/0,
 []


Underfull \hbox (badness 10000) in paragraph at lines 173--175
[]|\T1/lmr/m/n/10 Echo (ping) re-ply
 []


Underfull \hbox (badness 5077) in paragraph at lines 173--175
\T1/lmr/m/n/10 id=0x04d2, seq=0/0,
 []


Underfull \hbox (badness 6876) in paragraph at lines 175--177
[]|\T1/lmr/m/n/10 Echo (ping) re-quest
 []


Underfull \hbox (badness 5077) in paragraph at lines 175--177
\T1/lmr/m/n/10 id=0x04d2, seq=0/0,
 []


Underfull \hbox (badness 10000) in paragraph at lines 177--179
[]|\T1/lmr/m/n/10 Echo (ping) re-ply
 []


Underfull \hbox (badness 5077) in paragraph at lines 177--179
\T1/lmr/m/n/10 id=0x04d2, seq=0/0,
 []


Underfull \hbox (badness 6876) in paragraph at lines 179--181
[]|\T1/lmr/m/n/10 Echo (ping) re-quest
 []


Underfull \hbox (badness 5077) in paragraph at lines 179--181
\T1/lmr/m/n/10 id=0x04d2, seq=0/0,
 []


Underfull \hbox (badness 10000) in paragraph at lines 181--183
[]|\T1/lmr/m/n/10 Echo (ping) re-ply
 []


Underfull \hbox (badness 5077) in paragraph at lines 181--183
\T1/lmr/m/n/10 id=0x04d2, seq=0/0,
 []


Underfull \hbox (badness 6876) in paragraph at lines 183--185
[]|\T1/lmr/m/n/10 Echo (ping) re-quest
 []


Underfull \hbox (badness 5077) in paragraph at lines 183--185
\T1/lmr/m/n/10 id=0x04d2, seq=0/0,
 []


Underfull \hbox (badness 10000) in paragraph at lines 185--187
[]|\T1/lmr/m/n/10 Echo (ping) re-ply
 []


Underfull \hbox (badness 5077) in paragraph at lines 185--187
\T1/lmr/m/n/10 id=0x04d2, seq=0/0,
 []


Underfull \hbox (badness 6876) in paragraph at lines 187--189
[]|\T1/lmr/m/n/10 Echo (ping) re-quest
 []


Underfull \hbox (badness 5077) in paragraph at lines 187--189
\T1/lmr/m/n/10 id=0x04d2, seq=0/0,
 []


Underfull \hbox (badness 10000) in paragraph at lines 189--191
[]|\T1/lmr/m/n/10 Echo (ping) re-ply
 []


Underfull \hbox (badness 5077) in paragraph at lines 189--191
\T1/lmr/m/n/10 id=0x04d2, seq=0/0,
 []


Underfull \hbox (badness 6876) in paragraph at lines 191--193
[]|\T1/lmr/m/n/10 Echo (ping) re-quest
 []


Underfull \hbox (badness 5077) in paragraph at lines 191--193
\T1/lmr/m/n/10 id=0x04d2, seq=0/0,
 []


Underfull \hbox (badness 10000) in paragraph at lines 193--195
[]|\T1/lmr/m/n/10 Echo (ping) re-ply
 []


Underfull \hbox (badness 5077) in paragraph at lines 193--195
\T1/lmr/m/n/10 id=0x04d2, seq=0/0,
 []


Underfull \hbox (badness 6876) in paragraph at lines 195--197
[]|\T1/lmr/m/n/10 Echo (ping) re-quest
 []


Underfull \hbox (badness 5077) in paragraph at lines 195--197
\T1/lmr/m/n/10 id=0x04d2, seq=0/0,
 []


Underfull \hbox (badness 10000) in paragraph at lines 197--199
[]|\T1/lmr/m/n/10 Echo (ping) re-ply
 []


Underfull \hbox (badness 5077) in paragraph at lines 197--199
\T1/lmr/m/n/10 id=0x04d2, seq=0/0,
 []


Underfull \hbox (badness 6876) in paragraph at lines 199--201
[]|\T1/lmr/m/n/10 Echo (ping) re-quest
 []


Underfull \hbox (badness 5077) in paragraph at lines 199--201
\T1/lmr/m/n/10 id=0x04d2, seq=0/0,
 []


Underfull \hbox (badness 10000) in paragraph at lines 201--203
[]|\T1/lmr/m/n/10 Echo (ping) re-ply
 []


Underfull \hbox (badness 5077) in paragraph at lines 201--203
\T1/lmr/m/n/10 id=0x04d2, seq=0/0,
 []


Underfull \hbox (badness 6876) in paragraph at lines 203--205
[]|\T1/lmr/m/n/10 Echo (ping) re-quest
 []


Underfull \hbox (badness 5077) in paragraph at lines 203--205
\T1/lmr/m/n/10 id=0x04d2, seq=0/0,
 []


Underfull \hbox (badness 10000) in paragraph at lines 205--207
[]|\T1/lmr/m/n/10 Echo (ping) re-ply
 []


Underfull \hbox (badness 5077) in paragraph at lines 205--207
\T1/lmr/m/n/10 id=0x04d2, seq=0/0,
 []

[2]
<data/q2.1-stream-settings.png, id=16, 827.09pt x 514.92375pt>
File: data/q2.1-stream-settings.png Graphic file (type png)
<use data/q2.1-stream-settings.png>
Package luatex.def Info: data/q2.1-stream-settings.png  used on input line 214.
(luatex.def)             Requested size: 284.52756pt x 177.13817pt.
 [3<./data/q2.1-stream-settings.png>]
Overfull \hbox (10.53232pt too wide) detected at line 266
[][]
 []

(/usr/share/texmf-dist/tex/latex/listings/lstlang1.sty
File: lstlang1.sty 2023/02/27 1.9 listings language file
)
Package hyperref Info: bookmark level for unknown lstlisting defaults to 0 on input line 275.
LaTeX Font Info:    Trying to load font information for T1+lmtt on input line 275.
 (/usr/share/texmf-dist/tex/latex/lm/t1lmtt.fd
File: t1lmtt.fd 2015/05/01 v1.6.1 Font defs for Latin Modern
)
<data/q3-stream-settings.png, id=25, 864.22874pt x 593.21625pt>
File: data/q3-stream-settings.png Graphic file (type png)
<use data/q3-stream-settings.png>
Package luatex.def Info: data/q3-stream-settings.png  used on input line 295.
(luatex.def)             Requested size: 284.52756pt x 195.30032pt.

Underfull \hbox (badness 6876) in paragraph at lines 336--338
[]|\T1/lmr/m/n/10 Echo (ping) re-quest
 []


Underfull \hbox (badness 5077) in paragraph at lines 336--338
\T1/lmr/m/n/10 id=0x04d2, seq=0/0,
 []


Underfull \hbox (badness 10000) in paragraph at lines 338--340
[]|\T1/lmr/m/n/10 Echo (ping) re-ply
 []


Underfull \hbox (badness 5077) in paragraph at lines 338--340
\T1/lmr/m/n/10 id=0x04d2, seq=0/0,
 []


Underfull \hbox (badness 6876) in paragraph at lines 340--342
[]|\T1/lmr/m/n/10 Echo (ping) re-quest
 []


Underfull \hbox (badness 5077) in paragraph at lines 340--342
\T1/lmr/m/n/10 id=0x04d2, seq=0/0,
 []


Underfull \hbox (badness 10000) in paragraph at lines 342--344
[]|\T1/lmr/m/n/10 Echo (ping) re-ply
 []


Underfull \hbox (badness 5077) in paragraph at lines 342--344
\T1/lmr/m/n/10 id=0x04d2, seq=0/0,
 []


Underfull \hbox (badness 6876) in paragraph at lines 344--346
[]|\T1/lmr/m/n/10 Echo (ping) re-quest
 []


Underfull \hbox (badness 5077) in paragraph at lines 344--346
\T1/lmr/m/n/10 id=0x04d2, seq=0/0,
 []


Underfull \hbox (badness 10000) in paragraph at lines 346--348
[]|\T1/lmr/m/n/10 Echo (ping) re-ply
 []


Underfull \hbox (badness 5077) in paragraph at lines 346--348
\T1/lmr/m/n/10 id=0x04d2, seq=0/0,
 []


Underfull \hbox (badness 6876) in paragraph at lines 348--350
[]|\T1/lmr/m/n/10 Echo (ping) re-quest
 []


Underfull \hbox (badness 5077) in paragraph at lines 348--350
\T1/lmr/m/n/10 id=0x04d2, seq=0/0,
 []


Underfull \hbox (badness 10000) in paragraph at lines 350--352
[]|\T1/lmr/m/n/10 Echo (ping) re-ply
 []


Underfull \hbox (badness 5077) in paragraph at lines 350--352
\T1/lmr/m/n/10 id=0x04d2, seq=0/0,
 []


Underfull \hbox (badness 6876) in paragraph at lines 352--354
[]|\T1/lmr/m/n/10 Echo (ping) re-quest
 []


Underfull \hbox (badness 5077) in paragraph at lines 352--354
\T1/lmr/m/n/10 id=0x04d2, seq=0/0,
 []


Underfull \hbox (badness 10000) in paragraph at lines 354--356
[]|\T1/lmr/m/n/10 Echo (ping) re-ply
 []


Underfull \hbox (badness 5077) in paragraph at lines 354--356
\T1/lmr/m/n/10 id=0x04d2, seq=0/0,
 []


Underfull \hbox (badness 6876) in paragraph at lines 356--358
[]|\T1/lmr/m/n/10 Echo (ping) re-quest
 []


Underfull \hbox (badness 5077) in paragraph at lines 356--358
\T1/lmr/m/n/10 id=0x04d2, seq=0/0,
 []


Underfull \hbox (badness 10000) in paragraph at lines 358--360
[]|\T1/lmr/m/n/10 Echo (ping) re-ply
 []


Underfull \hbox (badness 5077) in paragraph at lines 358--360
\T1/lmr/m/n/10 id=0x04d2, seq=0/0,
 []


Underfull \hbox (badness 6876) in paragraph at lines 360--362
[]|\T1/lmr/m/n/10 Echo (ping) re-quest
 []


Underfull \hbox (badness 5077) in paragraph at lines 360--362
\T1/lmr/m/n/10 id=0x04d2, seq=0/0,
 []


Underfull \hbox (badness 10000) in paragraph at lines 362--364
[]|\T1/lmr/m/n/10 Echo (ping) re-ply
 []


Underfull \hbox (badness 5077) in paragraph at lines 362--364
\T1/lmr/m/n/10 id=0x04d2, seq=0/0,
 []


Underfull \hbox (badness 6876) in paragraph at lines 364--366
[]|\T1/lmr/m/n/10 Echo (ping) re-quest
 []


Underfull \hbox (badness 5077) in paragraph at lines 364--366
\T1/lmr/m/n/10 id=0x04d2, seq=0/0,
 []


Underfull \hbox (badness 10000) in paragraph at lines 366--368
[]|\T1/lmr/m/n/10 Echo (ping) re-ply
 []


Underfull \hbox (badness 5077) in paragraph at lines 366--368
\T1/lmr/m/n/10 id=0x04d2, seq=0/0,
 []


Underfull \hbox (badness 6876) in paragraph at lines 368--370
[]|\T1/lmr/m/n/10 Echo (ping) re-quest
 []


Underfull \hbox (badness 5077) in paragraph at lines 368--370
\T1/lmr/m/n/10 id=0x04d2, seq=0/0,
 []


Underfull \hbox (badness 10000) in paragraph at lines 370--372
[]|\T1/lmr/m/n/10 Echo (ping) re-ply
 []


Underfull \hbox (badness 5077) in paragraph at lines 370--372
\T1/lmr/m/n/10 id=0x04d2, seq=0/0,
 []


Underfull \hbox (badness 6876) in paragraph at lines 372--374
[]|\T1/lmr/m/n/10 Echo (ping) re-quest
 []


Underfull \hbox (badness 5077) in paragraph at lines 372--374
\T1/lmr/m/n/10 id=0x04d2, seq=0/0,
 []


Underfull \hbox (badness 10000) in paragraph at lines 374--376
[]|\T1/lmr/m/n/10 Echo (ping) re-ply
 []


Underfull \hbox (badness 5077) in paragraph at lines 374--376
\T1/lmr/m/n/10 id=0x04d2, seq=0/0,
 []

[4] [5<./data/q3-stream-settings.png>] [6]
<data/q4.1-packets-under-inspection.png, id=61, 1025.8325pt x 30.1125pt>
File: data/q4.1-packets-under-inspection.png Graphic file (type png)
<use data/q4.1-packets-under-inspection.png>
Package luatex.def Info: data/q4.1-packets-under-inspection.png  used on input line 442.
(luatex.def)             Requested size: 455.24408pt x 13.36348pt.
<data/q4.1-request-info.png, id=62, 739.76375pt x 330.23375pt>
File: data/q4.1-request-info.png Graphic file (type png)
<use data/q4.1-request-info.png>
Package luatex.def Info: data/q4.1-request-info.png  used on input line 452.
(luatex.def)             Requested size: 455.24408pt x 203.22607pt.
 [7<./data/q4.1-packets-under-inspection.png>]
<data/q4.2-ethernet-diagram.png, id=79, 194.76765pt x 59.7432pt>
File: data/q4.2-ethernet-diagram.png Graphic file (type png)
<use data/q4.2-ethernet-diagram.png>
Package luatex.def Info: data/q4.2-ethernet-diagram.png  used on input line 467.
(luatex.def)             Requested size: 455.24408pt x 139.6535pt.
 [8<./data/q4.1-request-info.png><./data/q4.2-ethernet-diagram.png>] [9] [10] (./answerss.aux)
Package rerunfilecheck Info: File `answerss.out' has not changed.
(rerunfilecheck)             Checksum: D41D8CD98F00B204E9800998ECF8427E;0.
)

Here is how much of LuaTeX's memory you used:
 12460 strings out of 478285
 156265,1977958 words of node,token memory allocated
 522 words of node memory still in use:
   6 hlist, 2 vlist, 2 rule, 2 glue, 4 kern, 1 glyph, 8 attribute, 58 glue_spec, 8 attribute_list, 1 write nodes
   avail lists: 1:1,2:2010,3:268,4:1450,5:1484,6:77,7:9013,8:85,9:4062,10:24,11:504
 32144 multiletter control sequences out of 65536+600000
 44 fonts using 2687703 bytes
 72i,15n,72p,397b,877s stack positions out of 10000i,1000n,20000p,200000b,200000s
{/usr/share/texmf-dist/fonts/enc/dvips/lm/lm-ec.enc}{/usr/share/texmf-dist/fonts/enc/dvips/lm/lm-ts1.enc}</usr/share/texmf-dist/fonts/type1/public/amsfonts/cm/cmmi10.pfb></usr/share/texmf-dist/fonts/type1/public/amsfonts/cm/cmr10.pfb></usr/share/texmf-dist/fonts/type1/public/amsfonts/cm/cmsy10.pfb></usr/share/texmf-dist/fonts/type1/public/lm/lmbx10.pfb></usr/share/texmf-dist/fonts/type1/public/lm/lmr10.pfb></usr/share/texmf-dist/fonts/type1/public/lm/lmr5.pfb></usr/share/texmf-dist/fonts/type1/public/lm/lmri9.pfb></usr/share/texmf-dist/fonts/type1/public/lm/lmtt10.pfb></usr/share/texmf-dist/fonts/type1/public/lm/lmtt9.pfb>
Output written on answerss.pdf (10 pages, 515601 bytes).

PDF statistics: 146 PDF objects out of 1000 (max. 8388607)
 118 compressed objects within 2 object streams
 49 named destinations out of 1000 (max. 131072)
 1 words of extra memory for PDF output out of 10000 (max. 100000000)

