INFO:  latexindent version 3.20.3, 2023-02-19, a script to indent .tex files
       latexindent lives here: /usr/share/texmf-dist/scripts/latexindent/
       Wed Dec 13 15:33:30 2023
       Filename: answerss.tex
INFO:  Processing switches:
       -l|--localSettings: Read localSettings YAML file
       -m|--modifylinebreaks: modify line breaks
INFO:  Directory for backup files and indent.log:
       .
INFO:  YAML settings read: defaultSettings.yaml
       Reading defaultSettings.yaml from /usr/share/texmf-dist/scripts/latexindent/defaultSettings.yaml
INFO:  YAML reading settings
       Home directory is /home/juan
       latexindent.pl didn't find indentconfig.yaml or .indentconfig.yaml
       see all possible locations: https://latexindentpl.readthedocs.io/en/latest/sec-appendices.html#indentconfig-options)
INFO:  YAML settings read: -l switch
       Adding style.yaml to YAML read paths
INFO:  YAML settings, reading from the following files:
       Reading USER settings from style.yaml
       ---
       condenseMultipleBlankLinesInto: '1'
       defaultIndent: ''
       lookForAlignDelims:
         longtable:
           dontMeasure: '1'
         tabular:
           dontMeasure: '1'
         tabularx:
           dontMeasure: '1'
       modifyLineBreaks:
         textWrapOptions:
           columns: '60'
           multipleSpacesToSingle: '1'
       modifySpaces:
         -
           ignoreInInlineMath: '1'
           match: \s+
           replacement: ' '

INFO:  Phase 1: searching for objects
INFO:  Phase 2: finding surrounding indentation
INFO:  Phase 3: indenting objects
INFO:  Phase 4: final indentation check
INFO:  Output routine:
       Not outputting to file; see -w and -o switches for more options.
       --------------
INFO:  Please direct all communication/issues to:
        https://github.com/cmhughes/latexindent.pl
